<?xml version="1.0" encoding="UTF-8"?>
<!-- Generated by org.testng.reporters.JUnitReportReporter -->
<testsuite hostname="LAPTOP-LHUR9BQO" failures="0" tests="1" name="com.parameter.parametertestclass" time="14.175" errors="0" timestamp="6 Jan 2021 23:26:21 GMT">
  <testcase classname="com.parameter.parametertestclass" name="yahooLoginTest" time="14.175"/>
</testsuite> <!-- com.parameter.parametertestclass -->
